Running: C:\Xilinx\14.7\ISE_DS\ISE\bin\nt64\unwrapped\fuse.exe -intstyle ise -incremental -lib secureip -o C:/Users/Amin/Documents/FPGA_Project/Register_nBits_Generic/Register_Generic_TB_isim_beh.exe -prj C:/Users/Amin/Documents/FPGA_Project/Register_nBits_Generic/Register_Generic_TB_beh.prj work.Register_Generic_TB 
ISim P.20131013 (signature 0x7708f090)
Number of CPUs detected in this system: 4
Turning on mult-threading, number of parallel sub-compilation jobs: 8 
Determining compilation order of HDL files
Parsing VHDL file "C:/Users/Amin/Documents/FPGA_Project/Register_nBits_Generic/Register_nBits_Generic.vhd" into library work
Parsing VHDL file "C:/Users/Amin/Documents/FPGA_Project/Register_nBits_Generic/Register_Generic_TB.vhd" into library work
Starting static elaboration
Completed static elaboration
Compiling package standard
Compiling package std_logic_1164
Compiling package numeric_std
Compiling architecture behavioral of entity Register_Generic [\Register_Generic(8)\]
Compiling architecture behavioral of entity register_generic_tb
Time Resolution for simulation is 1ps.
Waiting for 1 sub-compilation(s) to finish...
Compiled 6 VHDL Units
Built simulation executable C:/Users/Amin/Documents/FPGA_Project/Register_nBits_Generic/Register_Generic_TB_isim_beh.exe
Fuse Memory Usage: 35476 KB
Fuse CPU Usage: 358 ms
