Release 14.7 - xst P.20131013 (nt64)
Copyright (c) 1995-2013 Xilinx, Inc.  All rights reserved.
--> Parameter TMPDIR set to xst/projnav.tmp


Total REAL time to Xst completion: 0.00 secs
Total CPU time to Xst completion: 0.03 secs
 
--> Parameter xsthdpdir set to xst


Total REAL time to Xst completion: 0.00 secs
Total CPU time to Xst completion: 0.03 secs
 
--> Reading design: Sample_PipeLine.prj

TABLE OF CONTENTS
  1) Synthesis Options Summary
  2) HDL Parsing
  3) HDL Elaboration
  4) HDL Synthesis
       4.1) HDL Synthesis Report
  5) Advanced HDL Synthesis
       5.1) Advanced HDL Synthesis Report
  6) Low Level Synthesis
  7) Partition Report
  8) Design Summary
       8.1) Primitive and Black Box Usage
       8.2) Device utilization summary
       8.3) Partition Resource Summary
       8.4) Timing Report
            8.4.1) Clock Information
            8.4.2) Asynchronous Control Signals Information
            8.4.3) Timing Summary
            8.4.4) Timing Details
            8.4.5) Cross Clock Domains Report


=========================================================================
*                      Synthesis Options Summary                        *
=========================================================================
---- Source Parameters
Input File Name                    : "Sample_PipeLine.prj"
Ignore Synthesis Constraint File   : NO

---- Target Parameters
Output File Name                   : "Sample_PipeLine"
Output Format                      : NGC
Target Device                      : xc6slx9-3-tqg144

---- Source Options
Top Module Name                    : Sample_PipeLine
Automatic FSM Extraction           : YES
FSM Encoding Algorithm             : Auto
Safe Implementation                : No
FSM Style                          : LUT
RAM Extraction                     : Yes
RAM Style                          : Auto
ROM Extraction                     : Yes
Shift Register Extraction          : YES
ROM Style                          : Auto
Resource Sharing                   : YES
Asynchronous To Synchronous        : NO
Shift Register Minimum Size        : 2
Use DSP Block                      : Auto
Automatic Register Balancing       : No

---- Target Options
LUT Combining                      : Auto
Reduce Control Sets                : Auto
Add IO Buffers                     : YES
Global Maximum Fanout              : 100000
Add Generic Clock Buffer(BUFG)     : 16
Register Duplication               : YES
Optimize Instantiated Primitives   : NO
Use Clock Enable                   : Auto
Use Synchronous Set                : Auto
Use Synchronous Reset              : Auto
Pack IO Registers into IOBs        : Auto
Equivalent register Removal        : YES

---- General Options
Optimization Goal                  : Speed
Optimization Effort                : 1
Power Reduction                    : NO
Keep Hierarchy                     : No
Netlist Hierarchy                  : As_Optimized
RTL Output                         : Yes
Global Optimization                : AllClockNets
Read Cores                         : YES
Write Timing Constraints           : NO
Cross Clock Analysis               : NO
Hierarchy Separator                : /
Bus Delimiter                      : <>
Case Specifier                     : Maintain
Slice Utilization Ratio            : 100
BRAM Utilization Ratio             : 100
DSP48 Utilization Ratio            : 100
Auto BRAM Packing                  : NO
Slice Utilization Ratio Delta      : 5

=========================================================================


=========================================================================
*                          HDL Parsing                                  *
=========================================================================
Parsing VHDL file "C:\Users\Amin\Documents\FPGA_Project\Sample_Pipline\Sample_Pipline.vhd" into library work
Parsing entity <Sample_PipeLine>.
Parsing architecture <Behavioral> of entity <sample_pipeline>.

=========================================================================
*                            HDL Elaboration                            *
=========================================================================

Elaborating entity <Sample_PipeLine> (architecture <Behavioral>) from library <work>.

=========================================================================
*                           HDL Synthesis                               *
=========================================================================

Synthesizing Unit <Sample_PipeLine>.
    Related source file is "C:\Users\Amin\Documents\FPGA_Project\Sample_Pipline\Sample_Pipline.vhd".
    Found 8-bit register for signal <B_Int>.
    Found 4-bit register for signal <C1_Int>.
    Found 4-bit register for signal <C2_Int>.
    Found 12-bit register for signal <P1_Int>.
    Found 12-bit register for signal <P2_Int>.
    Found 12-bit register for signal <S_Int>.
    Found 8-bit register for signal <A_Int>.
    Found 12-bit adder for signal <P1_Int[11]_P2_Int[11]_add_3_OUT> created at line 49.
    Found 8x4-bit multiplier for signal <A_Int[7]_C1_Int[3]_MuLt_1_OUT> created at line 47.
    Found 8x4-bit multiplier for signal <B_Int[7]_C2_Int[3]_MuLt_2_OUT> created at line 48.
    Summary:
	inferred   2 Multiplier(s).
	inferred   1 Adder/Subtractor(s).
	inferred  60 D-type flip-flop(s).
Unit <Sample_PipeLine> synthesized.

=========================================================================
HDL Synthesis Report

Macro Statistics
# Multipliers                                          : 2
 8x4-bit multiplier                                    : 2
# Adders/Subtractors                                   : 1
 12-bit adder                                          : 1
# Registers                                            : 7
 12-bit register                                       : 3
 4-bit register                                        : 2
 8-bit register                                        : 2

=========================================================================

=========================================================================
*                       Advanced HDL Synthesis                          *
=========================================================================

WARNING:Xst:2677 - Node <S_Int_0> of sequential type is unconnected in block <Sample_PipeLine>.
WARNING:Xst:2677 - Node <S_Int_1> of sequential type is unconnected in block <Sample_PipeLine>.
WARNING:Xst:2677 - Node <S_Int_2> of sequential type is unconnected in block <Sample_PipeLine>.
WARNING:Xst:2677 - Node <S_Int_3> of sequential type is unconnected in block <Sample_PipeLine>.

Synthesizing (advanced) Unit <Sample_PipeLine>.
	Multiplier <Mmult_A_Int[7]_C1_Int[3]_MuLt_1_OUT> in block <Sample_PipeLine> and adder/subtractor <Madd_P1_Int[11]_P2_Int[11]_add_3_OUT> in block <Sample_PipeLine> are combined into a MAC<Maddsub_A_Int[7]_C1_Int[3]_MuLt_1_OUT>.
	The following registers are also absorbed by the MAC: <P1_Int> in block <Sample_PipeLine>, <S_Int> in block <Sample_PipeLine>.
	Found pipelined multiplier on signal <B_Int[7]_C2_Int[3]_MuLt_2_OUT>:
		- 1 pipeline level(s) found in a register connected to the multiplier macro output.
		Pushing register(s) into the multiplier macro.
Unit <Sample_PipeLine> synthesized (advanced).

=========================================================================
Advanced HDL Synthesis Report

Macro Statistics
# MACs                                                 : 1
 8x4-to-12-bit MAC                                     : 1
# Multipliers                                          : 1
 8x4-bit registered multiplier                         : 1
# Registers                                            : 24
 Flip-Flops                                            : 24

=========================================================================

=========================================================================
*                         Low Level Synthesis                           *
=========================================================================

Optimizing unit <Sample_PipeLine> ...

Mapping all equations...
Building and optimizing final netlist ...
Found area constraint ratio of 100 (+ 5) on block Sample_PipeLine, actual ratio is 0.

Final Macro Processing ...

=========================================================================
Final Register Report

Found no macro
=========================================================================

=========================================================================
*                           Partition Report                            *
=========================================================================

Partition Implementation Status
-------------------------------

  No Partitions were found in this design.

-------------------------------

=========================================================================
*                            Design Summary                             *
=========================================================================

Top Level Output File Name         : Sample_PipeLine.ngc

Primitive and Black Box Usage:
------------------------------
# BELS                             : 2
#      GND                         : 1
#      VCC                         : 1
# Clock Buffers                    : 1
#      BUFGP                       : 1
# IO Buffers                       : 32
#      IBUF                        : 24
#      OBUF                        : 8
# DSPs                             : 2
#      DSP48A1                     : 2

Device utilization summary:
---------------------------

Selected Device : 6slx9tqg144-3 


Slice Logic Utilization: 

Slice Logic Distribution: 
 Number of LUT Flip Flop pairs used:      0
   Number with an unused Flip Flop:       0  out of      0         
   Number with an unused LUT:             0  out of      0         
   Number of fully used LUT-FF pairs:     0  out of      0         
   Number of unique control sets:         0

IO Utilization: 
 Number of IOs:                          33
 Number of bonded IOBs:                  33  out of    102    32%  

Specific Feature Utilization:
 Number of BUFG/BUFGCTRLs:                1  out of     16     6%  
 Number of DSP48A1s:                      2  out of     16    12%  

---------------------------
Partition Resource Summary:
---------------------------

  No Partitions were found in this design.

---------------------------


=========================================================================
Timing Report

NOTE: THESE TIMING NUMBERS ARE ONLY A SYNTHESIS ESTIMATE.
      FOR ACCURATE TIMING INFORMATION PLEASE REFER TO THE TRACE REPORT
      GENERATED AFTER PLACE-and-ROUTE.

Clock Information:
------------------
-----------------------------------+------------------------+-------+
Clock Signal                       | Clock buffer(FF name)  | Load  |
-----------------------------------+------------------------+-------+
Clock                              | BUFGP                  | 2     |
-----------------------------------+------------------------+-------+

Asynchronous Control Signals Information:
----------------------------------------
No asynchronous control signals found in this design

Timing Summary:
---------------
Speed Grade: -3

   Minimum period: 2.190ns (Maximum Frequency: 456.621MHz)
   Minimum input arrival time before clock: 2.352ns
   Maximum output required time after clock: 4.350ns
   Maximum combinational path delay: No path found

Timing Details:
---------------
All values displayed in nanoseconds (ns)

=========================================================================
Timing constraint: Default period analysis for Clock 'Clock'
  Clock period: 2.190ns (frequency: 456.621MHz)
  Total number of paths / destination ports: 48 / 48
-------------------------------------------------------------------------
Delay:               2.190ns (Levels of Logic = 0)
  Source:            Mmult_B_Int[7]_C2_Int[3]_MuLt_2_OUT (DSP)
  Destination:       Maddsub_A_Int[7]_C1_Int[3]_MuLt_1_OUT (DSP)
  Source Clock:      Clock rising
  Destination Clock: Clock rising

  Data Path: Mmult_B_Int[7]_C2_Int[3]_MuLt_2_OUT to Maddsub_A_Int[7]_C1_Int[3]_MuLt_1_OUT
                                Gate     Net
    Cell:in->out      fanout   Delay   Delay  Logical Name (Net Name)
    ----------------------------------------  ------------
     DSP48A1:CLK->PCOUT47    1   0.785   0.000  Mmult_B_Int[7]_C2_Int[3]_MuLt_2_OUT (Mmult_B_Int[7]_C2_Int[3]_MuLt_2_OUT_PCOUT_to_Maddsub_A_Int[7]_C1_Int[3]_MuLt_1_OUT_PCIN_47)
     DSP48A1:PCIN47            1.405          Maddsub_A_Int[7]_C1_Int[3]_MuLt_1_OUT
    ----------------------------------------
    Total                      2.190ns (2.190ns logic, 0.000ns route)
                                       (100.0% logic, 0.0% route)

=========================================================================
Timing constraint: Default OFFSET IN BEFORE for Clock 'Clock'
  Total number of paths / destination ports: 72 / 72
-------------------------------------------------------------------------
Offset:              2.352ns (Levels of Logic = 1)
  Source:            C2<3> (PAD)
  Destination:       Mmult_B_Int[7]_C2_Int[3]_MuLt_2_OUT (DSP)
  Destination Clock: Clock rising

  Data Path: C2<3> to Mmult_B_Int[7]_C2_Int[3]_MuLt_2_OUT
                                Gate     Net
    Cell:in->out      fanout   Delay   Delay  Logical Name (Net Name)
    ----------------------------------------  ------------
     IBUF:I->O            15   1.222   0.981  C2_3_IBUF (C2_3_IBUF)
     DSP48A1:A3                0.149          Mmult_B_Int[7]_C2_Int[3]_MuLt_2_OUT
    ----------------------------------------
    Total                      2.352ns (1.371ns logic, 0.981ns route)
                                       (58.3% logic, 41.7% route)

=========================================================================
Timing constraint: Default OFFSET OUT AFTER for Clock 'Clock'
  Total number of paths / destination ports: 8 / 8
-------------------------------------------------------------------------
Offset:              4.350ns (Levels of Logic = 1)
  Source:            Maddsub_A_Int[7]_C1_Int[3]_MuLt_1_OUT (DSP)
  Destination:       S<7> (PAD)
  Source Clock:      Clock rising

  Data Path: Maddsub_A_Int[7]_C1_Int[3]_MuLt_1_OUT to S<7>
                                Gate     Net
    Cell:in->out      fanout   Delay   Delay  Logical Name (Net Name)
    ----------------------------------------  ------------
     DSP48A1:CLK->P11      1   1.200   0.579  Maddsub_A_Int[7]_C1_Int[3]_MuLt_1_OUT (S_7_OBUF)
     OBUF:I->O                 2.571          S_7_OBUF (S<7>)
    ----------------------------------------
    Total                      4.350ns (3.771ns logic, 0.579ns route)
                                       (86.7% logic, 13.3% route)

=========================================================================

Cross Clock Domains Report:
--------------------------

Clock to Setup on destination clock Clock
---------------+---------+---------+---------+---------+
               | Src:Rise| Src:Fall| Src:Rise| Src:Fall|
Source Clock   |Dest:Rise|Dest:Rise|Dest:Fall|Dest:Fall|
---------------+---------+---------+---------+---------+
Clock          |    2.190|         |         |         |
---------------+---------+---------+---------+---------+

=========================================================================


Total REAL time to Xst completion: 2.00 secs
Total CPU time to Xst completion: 1.75 secs
 
--> 

Total memory usage is 259616 kilobytes

Number of errors   :    0 (   0 filtered)
Number of warnings :    4 (   0 filtered)
Number of infos    :    0 (   0 filtered)

