--------------------------------------------------------------------------------
Release 14.7 Trace  (nt64)
Copyright (c) 1995-2013 Xilinx, Inc.  All rights reserved.

C:\Xilinx\14.7\ISE_DS\ISE\bin\nt64\unwrapped\trce.exe -intstyle ise -v 3 -s 3
-n 3 -fastpaths -xml Comparator_4Bit.twx Comparator_4Bit.ncd -o
Comparator_4Bit.twr Comparator_4Bit.pcf

Design file:              Comparator_4Bit.ncd
Physical constraint file: Comparator_4Bit.pcf
Device,package,speed:     xc6slx9,tqg144,C,-3 (PRODUCTION 1.23 2013-10-13)
Report level:             verbose report

Environment Variable      Effect 
--------------------      ------ 
NONE                      No environment variables were set
--------------------------------------------------------------------------------

INFO:Timing:2698 - No timing constraints found, doing default enumeration.
INFO:Timing:3412 - To improve timing, see the Timing Closure User Guide (UG612).
INFO:Timing:2752 - To get complete path coverage, use the unconstrained paths 
   option. All paths that are not constrained will be reported in the 
   unconstrained paths section(s) of the report.
INFO:Timing:3339 - The clock-to-out numbers in this timing report are based on 
   a 50 Ohm transmission line loading model.  For the details of this model, 
   and for more information on accounting for different loading conditions, 
   please see the device datasheet.



Data Sheet report:
-----------------
All values displayed in nanoseconds (ns)

Pad to Pad
---------------+---------------+---------+
Source Pad     |Destination Pad|  Delay  |
---------------+---------------+---------+
a<0>           |a_eq_b         |    7.276|
a<0>           |a_gt_b         |    7.402|
a<0>           |a_lt_b         |    7.869|
a<1>           |a_eq_b         |    6.766|
a<1>           |a_gt_b         |    7.518|
a<1>           |a_lt_b         |    7.985|
a<2>           |a_eq_b         |    6.910|
a<2>           |a_gt_b         |    6.935|
a<2>           |a_lt_b         |    7.026|
a<3>           |a_eq_b         |    7.022|
a<3>           |a_gt_b         |    7.281|
a<3>           |a_lt_b         |    7.176|
b<0>           |a_eq_b         |    7.061|
b<0>           |a_gt_b         |    7.468|
b<0>           |a_lt_b         |    7.935|
b<1>           |a_eq_b         |    6.925|
b<1>           |a_gt_b         |    7.178|
b<1>           |a_lt_b         |    7.645|
b<2>           |a_eq_b         |    6.430|
b<2>           |a_gt_b         |    6.758|
b<2>           |a_lt_b         |    6.723|
b<3>           |a_eq_b         |    6.450|
b<3>           |a_gt_b         |    6.619|
b<3>           |a_lt_b         |    6.340|
---------------+---------------+---------+


Analysis completed Fri Feb 21 21:41:39 2025 
--------------------------------------------------------------------------------

Trace Settings:
-------------------------
Trace Settings 

Peak Memory Usage: 211 MB



