Release 14.7 - xst P.20131013 (nt64)
Copyright (c) 1995-2013 Xilinx, Inc.  All rights reserved.
--> Parameter TMPDIR set to xst/projnav.tmp


Total REAL time to Xst completion: 0.00 secs
Total CPU time to Xst completion: 0.06 secs
 
--> Parameter xsthdpdir set to xst


Total REAL time to Xst completion: 0.00 secs
Total CPU time to Xst completion: 0.06 secs
 
--> Reading design: Block_RAM.prj

TABLE OF CONTENTS
  1) Synthesis Options Summary
  2) HDL Parsing
  3) HDL Elaboration
  4) HDL Synthesis
       4.1) HDL Synthesis Report
  5) Advanced HDL Synthesis
       5.1) Advanced HDL Synthesis Report
  6) Low Level Synthesis
  7) Partition Report
  8) Design Summary
       8.1) Primitive and Black Box Usage
       8.2) Device utilization summary
       8.3) Partition Resource Summary
       8.4) Timing Report
            8.4.1) Clock Information
            8.4.2) Asynchronous Control Signals Information
            8.4.3) Timing Summary
            8.4.4) Timing Details
            8.4.5) Cross Clock Domains Report


=========================================================================
*                      Synthesis Options Summary                        *
=========================================================================
---- Source Parameters
Input File Name                    : "Block_RAM.prj"
Ignore Synthesis Constraint File   : NO

---- Target Parameters
Output File Name                   : "Block_RAM"
Output Format                      : NGC
Target Device                      : xc6slx9-3-tqg144

---- Source Options
Top Module Name                    : Block_RAM
Automatic FSM Extraction           : YES
FSM Encoding Algorithm             : Auto
Safe Implementation                : No
FSM Style                          : LUT
RAM Extraction                     : Yes
RAM Style                          : Auto
ROM Extraction                     : Yes
Shift Register Extraction          : YES
ROM Style                          : Auto
Resource Sharing                   : YES
Asynchronous To Synchronous        : NO
Shift Register Minimum Size        : 2
Use DSP Block                      : Auto
Automatic Register Balancing       : No

---- Target Options
LUT Combining                      : Auto
Reduce Control Sets                : Auto
Add IO Buffers                     : YES
Global Maximum Fanout              : 100000
Add Generic Clock Buffer(BUFG)     : 16
Register Duplication               : YES
Optimize Instantiated Primitives   : NO
Use Clock Enable                   : Auto
Use Synchronous Set                : Auto
Use Synchronous Reset              : Auto
Pack IO Registers into IOBs        : Auto
Equivalent register Removal        : YES

---- General Options
Optimization Goal                  : Speed
Optimization Effort                : 1
Power Reduction                    : NO
Keep Hierarchy                     : No
Netlist Hierarchy                  : As_Optimized
RTL Output                         : Yes
Global Optimization                : AllClockNets
Read Cores                         : YES
Write Timing Constraints           : NO
Cross Clock Analysis               : NO
Hierarchy Separator                : /
Bus Delimiter                      : <>
Case Specifier                     : Maintain
Slice Utilization Ratio            : 100
BRAM Utilization Ratio             : 100
DSP48 Utilization Ratio            : 100
Auto BRAM Packing                  : NO
Slice Utilization Ratio Delta      : 5

=========================================================================


=========================================================================
*                          HDL Parsing                                  *
=========================================================================
Parsing VHDL file "C:\Users\Amin\Documents\FPGA_Project\BlockRAM\Block_RAM.vhd" into library work
Parsing entity <Block_RAM>.
Parsing architecture <Behavioral> of entity <block_ram>.

=========================================================================
*                            HDL Elaboration                            *
=========================================================================

Elaborating entity <Block_RAM> (architecture <Behavioral>) with generics from library <work>.

=========================================================================
*                           HDL Synthesis                               *
=========================================================================

Synthesizing Unit <Block_RAM>.
    Related source file is "C:\Users\Amin\Documents\FPGA_Project\BlockRAM\Block_RAM.vhd".
        RAM_Width = 15
        RAM_AddWidth = 6
    Set property "ram_style = Distributed" for signal <Mem_Signal>.
    Found 64x15-bit dual-port RAM <Mram_Mem_Signal> for signal <Mem_Signal>.
    Found 15-bit register for signal <Data_Out>.
    Summary:
	inferred   1 RAM(s).
	inferred  15 D-type flip-flop(s).
Unit <Block_RAM> synthesized.

=========================================================================
HDL Synthesis Report

Macro Statistics
# RAMs                                                 : 1
 64x15-bit dual-port RAM                               : 1
# Registers                                            : 1
 15-bit register                                       : 1

=========================================================================

=========================================================================
*                       Advanced HDL Synthesis                          *
=========================================================================


Synthesizing (advanced) Unit <Block_RAM>.
INFO:Xst:3216 - HDL ADVISOR - LUT implementation is currently selected for the RAM <Mram_Mem_Signal>. If you want the register to be removed and the RAM to be implemented as block RAM, please change the RAM implementation style accordingly.
    -----------------------------------------------------------------------
    | ram_type           | Distributed                         |          |
    -----------------------------------------------------------------------
    | Port A                                                              |
    |     aspect ratio   | 64-word x 15-bit                    |          |
    |     clkA           | connected to signal <Clock>         | rise     |
    |     weA            | connected to signal <WE>            | high     |
    |     addrA          | connected to signal <Write_Address> |          |
    |     diA            | connected to signal <Data_In>       |          |
    -----------------------------------------------------------------------
    | Port B                                                              |
    |     aspect ratio   | 64-word x 15-bit                    |          |
    |     addrB          | connected to signal <Read_Address>  |          |
    |     doB            | connected to internal node          |          |
    -----------------------------------------------------------------------
Unit <Block_RAM> synthesized (advanced).

=========================================================================
Advanced HDL Synthesis Report

Macro Statistics
# RAMs                                                 : 1
 64x15-bit dual-port distributed RAM                   : 1
# Registers                                            : 15
 Flip-Flops                                            : 15

=========================================================================

=========================================================================
*                         Low Level Synthesis                           *
=========================================================================

Optimizing unit <Block_RAM> ...

Mapping all equations...
Building and optimizing final netlist ...
Found area constraint ratio of 100 (+ 5) on block Block_RAM, actual ratio is 0.

Final Macro Processing ...

=========================================================================
Final Register Report

Macro Statistics
# Registers                                            : 15
 Flip-Flops                                            : 15

=========================================================================

=========================================================================
*                           Partition Report                            *
=========================================================================

Partition Implementation Status
-------------------------------

  No Partitions were found in this design.

-------------------------------

=========================================================================
*                            Design Summary                             *
=========================================================================

Top Level Output File Name         : Block_RAM.ngc

Primitive and Black Box Usage:
------------------------------
# BELS                             : 1
#      GND                         : 1
# FlipFlops/Latches                : 15
#      FD                          : 15
# RAMS                             : 5
#      RAM64M                      : 5
# Clock Buffers                    : 1
#      BUFGP                       : 1
# IO Buffers                       : 43
#      IBUF                        : 28
#      OBUF                        : 15

Device utilization summary:
---------------------------

Selected Device : 6slx9tqg144-3 


Slice Logic Utilization: 
 Number of Slice Registers:              15  out of  11440     0%  
 Number of Slice LUTs:                   20  out of   5720     0%  
    Number used as Memory:               20  out of   1440     1%  
       Number used as RAM:               20

Slice Logic Distribution: 
 Number of LUT Flip Flop pairs used:     30
   Number with an unused Flip Flop:      15  out of     30    50%  
   Number with an unused LUT:            10  out of     30    33%  
   Number of fully used LUT-FF pairs:     5  out of     30    16%  
   Number of unique control sets:         1

IO Utilization: 
 Number of IOs:                          44
 Number of bonded IOBs:                  44  out of    102    43%  

Specific Feature Utilization:
 Number of BUFG/BUFGCTRLs:                1  out of     16     6%  

---------------------------
Partition Resource Summary:
---------------------------

  No Partitions were found in this design.

---------------------------


=========================================================================
Timing Report

NOTE: THESE TIMING NUMBERS ARE ONLY A SYNTHESIS ESTIMATE.
      FOR ACCURATE TIMING INFORMATION PLEASE REFER TO THE TRACE REPORT
      GENERATED AFTER PLACE-and-ROUTE.

Clock Information:
------------------
-----------------------------------+------------------------+-------+
Clock Signal                       | Clock buffer(FF name)  | Load  |
-----------------------------------+------------------------+-------+
Clock                              | BUFGP                  | 20    |
-----------------------------------+------------------------+-------+

Asynchronous Control Signals Information:
----------------------------------------
No asynchronous control signals found in this design

Timing Summary:
---------------
Speed Grade: -3

   Minimum period: 1.601ns (Maximum Frequency: 624.668MHz)
   Minimum input arrival time before clock: 2.270ns
   Maximum output required time after clock: 3.597ns
   Maximum combinational path delay: No path found

Timing Details:
---------------
All values displayed in nanoseconds (ns)

=========================================================================
Timing constraint: Default period analysis for Clock 'Clock'
  Clock period: 1.601ns (frequency: 624.668MHz)
  Total number of paths / destination ports: 15 / 15
-------------------------------------------------------------------------
Delay:               1.601ns (Levels of Logic = 0)
  Source:            Mram_Mem_Signal1 (RAM)
  Destination:       Data_Out_1 (FF)
  Source Clock:      Clock rising
  Destination Clock: Clock rising

  Data Path: Mram_Mem_Signal1 to Data_Out_1
                                Gate     Net
    Cell:in->out      fanout   Delay   Delay  Logical Name (Net Name)
    ----------------------------------------  ------------
     RAM64M:WCLK->DOB      1   0.920   0.579  Mram_Mem_Signal1 (_n0009<1>)
     FD:D                      0.102          Data_Out_1
    ----------------------------------------
    Total                      1.601ns (1.022ns logic, 0.579ns route)
                                       (63.8% logic, 36.2% route)

=========================================================================
Timing constraint: Default OFFSET IN BEFORE for Clock 'Clock'
  Total number of paths / destination ports: 50 / 50
-------------------------------------------------------------------------
Offset:              2.270ns (Levels of Logic = 1)
  Source:            Write_Address<5> (PAD)
  Destination:       Mram_Mem_Signal3 (RAM)
  Destination Clock: Clock rising

  Data Path: Write_Address<5> to Mram_Mem_Signal3
                                Gate     Net
    Cell:in->out      fanout   Delay   Delay  Logical Name (Net Name)
    ----------------------------------------  ------------
     IBUF:I->O             5   1.222   0.714  Write_Address_5_IBUF (Write_Address_5_IBUF)
     RAM64M:ADDRD5             0.334          Mram_Mem_Signal3
    ----------------------------------------
    Total                      2.270ns (1.556ns logic, 0.714ns route)
                                       (68.5% logic, 31.5% route)

=========================================================================
Timing constraint: Default OFFSET OUT AFTER for Clock 'Clock'
  Total number of paths / destination ports: 15 / 15
-------------------------------------------------------------------------
Offset:              3.597ns (Levels of Logic = 1)
  Source:            Data_Out_14 (FF)
  Destination:       Data_Out<14> (PAD)
  Source Clock:      Clock rising

  Data Path: Data_Out_14 to Data_Out<14>
                                Gate     Net
    Cell:in->out      fanout   Delay   Delay  Logical Name (Net Name)
    ----------------------------------------  ------------
     FD:C->Q               1   0.447   0.579  Data_Out_14 (Data_Out_14)
     OBUF:I->O                 2.571          Data_Out_14_OBUF (Data_Out<14>)
    ----------------------------------------
    Total                      3.597ns (3.018ns logic, 0.579ns route)
                                       (83.9% logic, 16.1% route)

=========================================================================

Cross Clock Domains Report:
--------------------------

Clock to Setup on destination clock Clock
---------------+---------+---------+---------+---------+
               | Src:Rise| Src:Fall| Src:Rise| Src:Fall|
Source Clock   |Dest:Rise|Dest:Rise|Dest:Fall|Dest:Fall|
---------------+---------+---------+---------+---------+
Clock          |    1.601|         |         |         |
---------------+---------+---------+---------+---------+

=========================================================================


Total REAL time to Xst completion: 2.00 secs
Total CPU time to Xst completion: 1.66 secs
 
--> 

Total memory usage is 259296 kilobytes

Number of errors   :    0 (   0 filtered)
Number of warnings :    0 (   0 filtered)
Number of infos    :    1 (   0 filtered)

