Release 14.7 - xst P.20131013 (nt64)
Copyright (c) 1995-2013 Xilinx, Inc.  All rights reserved.
--> Parameter TMPDIR set to xst/projnav.tmp


Total REAL time to Xst completion: 0.00 secs
Total CPU time to Xst completion: 0.05 secs
 
--> Parameter xsthdpdir set to xst


Total REAL time to Xst completion: 0.00 secs
Total CPU time to Xst completion: 0.06 secs
 
--> Reading design: Debounce_Counter.prj

TABLE OF CONTENTS
  1) Synthesis Options Summary
  2) HDL Parsing
  3) HDL Elaboration
  4) HDL Synthesis
       4.1) HDL Synthesis Report
  5) Advanced HDL Synthesis
       5.1) Advanced HDL Synthesis Report
  6) Low Level Synthesis
  7) Partition Report
  8) Design Summary
       8.1) Primitive and Black Box Usage
       8.2) Device utilization summary
       8.3) Partition Resource Summary
       8.4) Timing Report
            8.4.1) Clock Information
            8.4.2) Asynchronous Control Signals Information
            8.4.3) Timing Summary
            8.4.4) Timing Details
            8.4.5) Cross Clock Domains Report


=========================================================================
*                      Synthesis Options Summary                        *
=========================================================================
---- Source Parameters
Input File Name                    : "Debounce_Counter.prj"
Ignore Synthesis Constraint File   : NO

---- Target Parameters
Output File Name                   : "Debounce_Counter"
Output Format                      : NGC
Target Device                      : xc6slx9-3-tqg144

---- Source Options
Top Module Name                    : Debounce_Counter
Automatic FSM Extraction           : YES
FSM Encoding Algorithm             : Auto
Safe Implementation                : No
FSM Style                          : LUT
RAM Extraction                     : Yes
RAM Style                          : Auto
ROM Extraction                     : Yes
Shift Register Extraction          : YES
ROM Style                          : Auto
Resource Sharing                   : YES
Asynchronous To Synchronous        : NO
Shift Register Minimum Size        : 2
Use DSP Block                      : Auto
Automatic Register Balancing       : No

---- Target Options
LUT Combining                      : Auto
Reduce Control Sets                : Auto
Add IO Buffers                     : YES
Global Maximum Fanout              : 100000
Add Generic Clock Buffer(BUFG)     : 16
Register Duplication               : YES
Optimize Instantiated Primitives   : NO
Use Clock Enable                   : Auto
Use Synchronous Set                : Auto
Use Synchronous Reset              : Auto
Pack IO Registers into IOBs        : Auto
Equivalent register Removal        : YES

---- General Options
Optimization Goal                  : Speed
Optimization Effort                : 1
Power Reduction                    : NO
Keep Hierarchy                     : No
Netlist Hierarchy                  : As_Optimized
RTL Output                         : Yes
Global Optimization                : AllClockNets
Read Cores                         : YES
Write Timing Constraints           : NO
Cross Clock Analysis               : NO
Hierarchy Separator                : /
Bus Delimiter                      : <>
Case Specifier                     : Maintain
Slice Utilization Ratio            : 100
BRAM Utilization Ratio             : 100
DSP48 Utilization Ratio            : 100
Auto BRAM Packing                  : NO
Slice Utilization Ratio Delta      : 5

=========================================================================


=========================================================================
*                          HDL Parsing                                  *
=========================================================================
Parsing VHDL file "C:\Users\Amin\Documents\FPGA_Project\Segment_Counter_Button\Segment_Counter_Button.vhd" into library work
Parsing entity <Debounce_Counter>.
Parsing architecture <Behavioral> of entity <debounce_counter>.

=========================================================================
*                            HDL Elaboration                            *
=========================================================================

Elaborating entity <Debounce_Counter> (architecture <Behavioral>) from library <work>.

=========================================================================
*                           HDL Synthesis                               *
=========================================================================

Synthesizing Unit <Debounce_Counter>.
    Related source file is "C:\Users\Amin\Documents\FPGA_Project\Segment_Counter_Button\Segment_Counter_Button.vhd".
    Found 1-bit register for signal <btn_state>.
    Found 4-bit register for signal <count>.
    Found 8-bit register for signal <seven_seg>.
    Found 20-bit register for signal <debounce_cnt>.
    Found 20-bit adder for signal <debounce_cnt[19]_GND_4_o_add_0_OUT> created at line 1241.
    Found 4-bit adder for signal <count[3]_GND_4_o_add_3_OUT> created at line 1241.
    Found 16x8-bit Read Only RAM for signal <count[3]_GND_4_o_wide_mux_12_OUT>
    Found 20-bit comparator greater for signal <n0003> created at line 23
    Summary:
	inferred   1 RAM(s).
	inferred   2 Adder/Subtractor(s).
	inferred  33 D-type flip-flop(s).
	inferred   1 Comparator(s).
Unit <Debounce_Counter> synthesized.

=========================================================================
HDL Synthesis Report

Macro Statistics
# RAMs                                                 : 1
 16x8-bit single-port Read Only RAM                    : 1
# Adders/Subtractors                                   : 2
 20-bit adder                                          : 1
 4-bit adder                                           : 1
# Registers                                            : 4
 1-bit register                                        : 1
 20-bit register                                       : 1
 4-bit register                                        : 1
 8-bit register                                        : 1
# Comparators                                          : 1
 20-bit comparator greater                             : 1

=========================================================================

=========================================================================
*                       Advanced HDL Synthesis                          *
=========================================================================


Synthesizing (advanced) Unit <Debounce_Counter>.
The following registers are absorbed into counter <count>: 1 register on signal <count>.
The following registers are absorbed into counter <debounce_cnt>: 1 register on signal <debounce_cnt>.
INFO:Xst:3231 - The small RAM <Mram_count[3]_GND_4_o_wide_mux_12_OUT> will be implemented on LUTs in order to maximize performance and save block RAM resources. If you want to force its implementation on block, use option/constraint ram_style.
    -----------------------------------------------------------------------
    | ram_type           | Distributed                         |          |
    -----------------------------------------------------------------------
    | Port A                                                              |
    |     aspect ratio   | 16-word x 8-bit                     |          |
    |     weA            | connected to signal <GND>           | high     |
    |     addrA          | connected to signal <count>         |          |
    |     diA            | connected to signal <GND>           |          |
    |     doA            | connected to internal node          |          |
    -----------------------------------------------------------------------
Unit <Debounce_Counter> synthesized (advanced).

=========================================================================
Advanced HDL Synthesis Report

Macro Statistics
# RAMs                                                 : 1
 16x8-bit single-port distributed Read Only RAM        : 1
# Counters                                             : 2
 20-bit up counter                                     : 1
 4-bit up counter                                      : 1
# Registers                                            : 9
 Flip-Flops                                            : 9
# Comparators                                          : 1
 20-bit comparator greater                             : 1

=========================================================================

=========================================================================
*                         Low Level Synthesis                           *
=========================================================================
WARNING:Xst:1710 - FF/Latch <seven_seg_7> (without init value) has a constant value of 0 in block <Debounce_Counter>. This FF/Latch will be trimmed during the optimization process.

Optimizing unit <Debounce_Counter> ...
WARNING:Xst:1293 - FF/Latch <debounce_cnt_19> has a constant value of 0 in block <Debounce_Counter>. This FF/Latch will be trimmed during the optimization process.

Mapping all equations...
Building and optimizing final netlist ...
Found area constraint ratio of 100 (+ 5) on block Debounce_Counter, actual ratio is 0.

Final Macro Processing ...

=========================================================================
Final Register Report

Macro Statistics
# Registers                                            : 31
 Flip-Flops                                            : 31

=========================================================================

=========================================================================
*                           Partition Report                            *
=========================================================================

Partition Implementation Status
-------------------------------

  No Partitions were found in this design.

-------------------------------

=========================================================================
*                            Design Summary                             *
=========================================================================

Top Level Output File Name         : Debounce_Counter.ngc

Primitive and Black Box Usage:
------------------------------
# BELS                             : 104
#      GND                         : 1
#      INV                         : 1
#      LUT1                        : 18
#      LUT3                        : 2
#      LUT4                        : 10
#      LUT5                        : 20
#      LUT6                        : 13
#      MUXCY                       : 18
#      MUXF7                       : 1
#      VCC                         : 1
#      XORCY                       : 19
# FlipFlops/Latches                : 31
#      FD                          : 31
# Clock Buffers                    : 1
#      BUFGP                       : 1
# IO Buffers                       : 9
#      IBUF                        : 1
#      OBUF                        : 8

Device utilization summary:
---------------------------

Selected Device : 6slx9tqg144-3 


Slice Logic Utilization: 
 Number of Slice Registers:              31  out of  11440     0%  
 Number of Slice LUTs:                   64  out of   5720     1%  
    Number used as Logic:                64  out of   5720     1%  

Slice Logic Distribution: 
 Number of LUT Flip Flop pairs used:     64
   Number with an unused Flip Flop:      33  out of     64    51%  
   Number with an unused LUT:             0  out of     64     0%  
   Number of fully used LUT-FF pairs:    31  out of     64    48%  
   Number of unique control sets:         1

IO Utilization: 
 Number of IOs:                          10
 Number of bonded IOBs:                  10  out of    102     9%  

Specific Feature Utilization:
 Number of BUFG/BUFGCTRLs:                1  out of     16     6%  

---------------------------
Partition Resource Summary:
---------------------------

  No Partitions were found in this design.

---------------------------


=========================================================================
Timing Report

NOTE: THESE TIMING NUMBERS ARE ONLY A SYNTHESIS ESTIMATE.
      FOR ACCURATE TIMING INFORMATION PLEASE REFER TO THE TRACE REPORT
      GENERATED AFTER PLACE-and-ROUTE.

Clock Information:
------------------
-----------------------------------+------------------------+-------+
Clock Signal                       | Clock buffer(FF name)  | Load  |
-----------------------------------+------------------------+-------+
clk                                | BUFGP                  | 31    |
-----------------------------------+------------------------+-------+

Asynchronous Control Signals Information:
----------------------------------------
No asynchronous control signals found in this design

Timing Summary:
---------------
Speed Grade: -3

   Minimum period: 3.804ns (Maximum Frequency: 262.895MHz)
   Minimum input arrival time before clock: 4.225ns
   Maximum output required time after clock: 3.597ns
   Maximum combinational path delay: No path found

Timing Details:
---------------
All values displayed in nanoseconds (ns)

=========================================================================
Timing constraint: Default period analysis for Clock 'clk'
  Clock period: 3.804ns (frequency: 262.895MHz)
  Total number of paths / destination ports: 799 / 31
-------------------------------------------------------------------------
Delay:               3.804ns (Levels of Logic = 3)
  Source:            debounce_cnt_9 (FF)
  Destination:       count_0 (FF)
  Source Clock:      clk rising
  Destination Clock: clk rising

  Data Path: debounce_cnt_9 to count_0
                                Gate     Net
    Cell:in->out      fanout   Delay   Delay  Logical Name (Net Name)
    ----------------------------------------  ------------
     FD:C->Q               3   0.447   1.015  debounce_cnt_9 (debounce_cnt_9)
     LUT6:I0->O            5   0.203   0.715  n0003212 (n0003212)
     LUT6:I5->O            4   0.205   0.912  _n00381_cepot (_n00381_cepot)
     LUT6:I3->O            1   0.205   0.000  count_0_rstpot (count_0_rstpot)
     FD:D                      0.102          count_0
    ----------------------------------------
    Total                      3.804ns (1.162ns logic, 2.642ns route)
                                       (30.5% logic, 69.5% route)

=========================================================================
Timing constraint: Default OFFSET IN BEFORE for Clock 'clk'
  Total number of paths / destination ports: 32 / 24
-------------------------------------------------------------------------
Offset:              4.225ns (Levels of Logic = 3)
  Source:            btn (PAD)
  Destination:       count_3 (FF)
  Destination Clock: clk rising

  Data Path: btn to count_3
                                Gate     Net
    Cell:in->out      fanout   Delay   Delay  Logical Name (Net Name)
    ----------------------------------------  ------------
     IBUF:I->O            26   1.222   1.571  btn_IBUF (btn_IBUF)
     LUT6:I0->O            1   0.203   0.924  count_3_dpot (count_3_dpot)
     LUT6:I1->O            1   0.203   0.000  count_3_rstpot (count_3_rstpot)
     FD:D                      0.102          count_3
    ----------------------------------------
    Total                      4.225ns (1.730ns logic, 2.495ns route)
                                       (40.9% logic, 59.1% route)

=========================================================================
Timing constraint: Default OFFSET OUT AFTER for Clock 'clk'
  Total number of paths / destination ports: 7 / 7
-------------------------------------------------------------------------
Offset:              3.597ns (Levels of Logic = 1)
  Source:            seven_seg_6 (FF)
  Destination:       seven_seg<6> (PAD)
  Source Clock:      clk rising

  Data Path: seven_seg_6 to seven_seg<6>
                                Gate     Net
    Cell:in->out      fanout   Delay   Delay  Logical Name (Net Name)
    ----------------------------------------  ------------
     FD:C->Q               1   0.447   0.579  seven_seg_6 (seven_seg_6)
     OBUF:I->O                 2.571          seven_seg_6_OBUF (seven_seg<6>)
    ----------------------------------------
    Total                      3.597ns (3.018ns logic, 0.579ns route)
                                       (83.9% logic, 16.1% route)

=========================================================================

Cross Clock Domains Report:
--------------------------

Clock to Setup on destination clock clk
---------------+---------+---------+---------+---------+
               | Src:Rise| Src:Fall| Src:Rise| Src:Fall|
Source Clock   |Dest:Rise|Dest:Rise|Dest:Fall|Dest:Fall|
---------------+---------+---------+---------+---------+
clk            |    3.804|         |         |         |
---------------+---------+---------+---------+---------+

=========================================================================


Total REAL time to Xst completion: 3.00 secs
Total CPU time to Xst completion: 2.59 secs
 
--> 

Total memory usage is 258784 kilobytes

Number of errors   :    0 (   0 filtered)
Number of warnings :    2 (   0 filtered)
Number of infos    :    1 (   0 filtered)

