Running: C:\Xilinx\14.7\ISE_DS\ISE\bin\nt64\unwrapped\fuse.exe -intstyle ise -incremental -lib secureip -o C:/Users/Amin/Documents/FPGA_Project/ALU_74381/ALU_74381_TB_isim_beh.exe -prj C:/Users/Amin/Documents/FPGA_Project/ALU_74381/ALU_74381_TB_beh.prj work.ALU_74381_TB 
ISim P.20131013 (signature 0x7708f090)
Number of CPUs detected in this system: 4
Turning on mult-threading, number of parallel sub-compilation jobs: 8 
Determining compilation order of HDL files
Parsing VHDL file "C:/Users/Amin/Documents/FPGA_Project/ALU_74381/ALU_74381.vhd" into library work
Parsing VHDL file "C:/Users/Amin/Documents/FPGA_Project/ALU_74381/ALU_74381_TB.vhd" into library work
Starting static elaboration
Completed static elaboration
Compiling package standard
Compiling package std_logic_1164
Compiling package numeric_std
Compiling architecture behavioral of entity ALU_74381 [alu_74381_default]
Compiling architecture behavioral of entity alu_74381_tb
Time Resolution for simulation is 1ps.
Waiting for 1 sub-compilation(s) to finish...
Compiled 6 VHDL Units
Built simulation executable C:/Users/Amin/Documents/FPGA_Project/ALU_74381/ALU_74381_TB_isim_beh.exe
Fuse Memory Usage: 35432 KB
Fuse CPU Usage: 406 ms
